13:08:08.890 [main] DEBUG com.intuit.karate.Suite - [config] classpath:karate-config.js
13:08:08.913 [main] DEBUG com.intuit.karate.Suite - waiting for 2 features to complete
13:08:11.334 [pool-1-thread-1] INFO  com.intuit.karate - the browser set is: chrome, default: "chrome" 
13:08:11.335 [pool-1-thread-3] INFO  com.intuit.karate - the browser set is: chrome, default: "chrome" 
13:08:11.335 [pool-1-thread-4] INFO  com.intuit.karate - the browser set is: chrome, default: "chrome" 
13:08:11.334 [pool-1-thread-2] INFO  com.intuit.karate - the browser set is: chrome, default: "chrome" 
13:08:11.358 [pool-1-thread-4] INFO  com.intuit.karate - the grid url set is: false, default: false 
13:08:11.358 [pool-1-thread-3] INFO  com.intuit.karate - the grid url set is: false, default: false 
13:08:11.360 [pool-1-thread-2] INFO  com.intuit.karate - the grid url set is: false, default: false 
13:08:11.358 [pool-1-thread-1] INFO  com.intuit.karate - the grid url set is: false, default: false 
13:08:11.406 [pool-1-thread-2] INFO  com.intuit.karate - Selected Chrome 
13:08:11.414 [pool-1-thread-1] INFO  com.intuit.karate - Selected Chrome 
13:08:11.419 [pool-1-thread-3] INFO  com.intuit.karate - Selected Chrome 
13:08:11.430 [pool-1-thread-4] INFO  com.intuit.karate - Selected Chrome 
13:08:11.649 [pool-1-thread-2] DEBUG com.intuit.karate.shell.Command - found / verified free local port: 9515
13:08:11.653 [pool-1-thread-1] DEBUG com.intuit.karate.shell.Command - found / verified free local port: 59599
13:08:11.654 [pool-1-thread-1] WARN  c.intuit.karate.driver.DriverOptions - preferred port 9515 not available, will use: 59599
13:08:11.655 [pool-1-thread-4] DEBUG com.intuit.karate.shell.Command - found / verified free local port: 59600
13:08:11.655 [pool-1-thread-4] WARN  c.intuit.karate.driver.DriverOptions - preferred port 9515 not available, will use: 59600
13:08:11.658 [pool-1-thread-3] DEBUG com.intuit.karate.shell.Command - found / verified free local port: 59601
13:08:11.654 [chromedriver_1633419491620] DEBUG c.i.k.d.chromedriver_1633419491620 - command: [src/test/java/examples/users/chromedriver.exe, --port=9515, --user-data-dir=C:\Users\cyril\IdeaProjects\KarateUiAutomationTest\target\chromedriver_1633419491620], working dir: target\chromedriver_1633419491620
13:08:11.659 [pool-1-thread-3] WARN  c.intuit.karate.driver.DriverOptions - preferred port 9515 not available, will use: 59601
13:08:11.668 [chromedriver_1633419491620] DEBUG c.i.k.d.chromedriver_1633419491620 - command: [src/test/java/examples/users/chromedriver.exe, --port=59599, --user-data-dir=C:\Users\cyril\IdeaProjects\KarateUiAutomationTest\target\chromedriver_1633419491620], working dir: target\chromedriver_1633419491620
13:08:11.682 [chromedriver_1633419491654] DEBUG c.i.k.d.chromedriver_1633419491654 - command: [src/test/java/examples/users/chromedriver.exe, --port=59600, --user-data-dir=C:\Users\cyril\IdeaProjects\KarateUiAutomationTest\target\chromedriver_1633419491654], working dir: target\chromedriver_1633419491654
13:08:11.687 [pool-1-thread-2] DEBUG c.i.k.d.chromedriver_1633419491620 - poll attempt #0 for port to be ready - localhost:9515
13:08:11.720 [chromedriver_1633419491640] DEBUG c.i.k.d.chromedriver_1633419491640 - command: [src/test/java/examples/users/chromedriver.exe, --port=59601, --user-data-dir=C:\Users\cyril\IdeaProjects\KarateUiAutomationTest\target\chromedriver_1633419491640], working dir: target\chromedriver_1633419491640
13:08:11.749 [pool-1-thread-3] DEBUG c.i.k.d.chromedriver_1633419491640 - poll attempt #0 for port to be ready - localhost:59601
13:08:11.763 [pool-1-thread-4] DEBUG c.i.k.d.chromedriver_1633419491654 - poll attempt #0 for port to be ready - localhost:59600
13:08:11.765 [pool-1-thread-1] DEBUG c.i.k.d.chromedriver_1633419491620 - poll attempt #0 for port to be ready - localhost:59599
13:08:12.383 [chromedriver_1633419491620-out] DEBUG c.i.k.d.chromedriver_1633419491620 - Starting ChromeDriver 94.0.4606.61 (418b78f5838ed0b1c69bb4e51ea0252171854915-refs/branch-heads/4606@{#1204}) on port 59599
13:08:12.383 [chromedriver_1633419491620-out] DEBUG c.i.k.d.chromedriver_1633419491620 - Only local connections are allowed.
13:08:12.383 [chromedriver_1633419491620-out] DEBUG c.i.k.d.chromedriver_1633419491620 - Please see https://chromedriver.chromium.org/security-considerations for suggestions on keeping ChromeDriver safe.
13:08:12.384 [chromedriver_1633419491620-out] DEBUG c.i.k.d.chromedriver_1633419491620 - Starting ChromeDriver 94.0.4606.61 (418b78f5838ed0b1c69bb4e51ea0252171854915-refs/branch-heads/4606@{#1204}) on port 9515
13:08:12.384 [chromedriver_1633419491620-out] DEBUG c.i.k.d.chromedriver_1633419491620 - Only local connections are allowed.
13:08:12.384 [chromedriver_1633419491620-out] DEBUG c.i.k.d.chromedriver_1633419491620 - Please see https://chromedriver.chromium.org/security-considerations for suggestions on keeping ChromeDriver safe.
13:08:12.411 [chromedriver_1633419491620-out] DEBUG c.i.k.d.chromedriver_1633419491620 - ChromeDriver was started successfully.
13:08:12.417 [chromedriver_1633419491620-out] DEBUG c.i.k.d.chromedriver_1633419491620 - ChromeDriver was started successfully.
13:08:12.420 [chromedriver_1633419491640-out] DEBUG c.i.k.d.chromedriver_1633419491640 - Starting ChromeDriver 94.0.4606.61 (418b78f5838ed0b1c69bb4e51ea0252171854915-refs/branch-heads/4606@{#1204}) on port 59601
13:08:12.421 [chromedriver_1633419491640-out] DEBUG c.i.k.d.chromedriver_1633419491640 - Only local connections are allowed.
13:08:12.421 [chromedriver_1633419491640-out] DEBUG c.i.k.d.chromedriver_1633419491640 - Please see https://chromedriver.chromium.org/security-considerations for suggestions on keeping ChromeDriver safe.
13:08:12.460 [chromedriver_1633419491640-out] DEBUG c.i.k.d.chromedriver_1633419491640 - ChromeDriver was started successfully.
13:08:12.489 [chromedriver_1633419491654-out] DEBUG c.i.k.d.chromedriver_1633419491654 - Starting ChromeDriver 94.0.4606.61 (418b78f5838ed0b1c69bb4e51ea0252171854915-refs/branch-heads/4606@{#1204}) on port 59600
13:08:12.490 [chromedriver_1633419491654-out] DEBUG c.i.k.d.chromedriver_1633419491654 - Only local connections are allowed.
13:08:12.490 [chromedriver_1633419491654-out] DEBUG c.i.k.d.chromedriver_1633419491654 - Please see https://chromedriver.chromium.org/security-considerations for suggestions on keeping ChromeDriver safe.
13:08:12.509 [chromedriver_1633419491654-out] DEBUG c.i.k.d.chromedriver_1633419491654 - ChromeDriver was started successfully.
13:08:13.982 [pool-1-thread-2] DEBUG com.intuit.karate - request:
1 > POST http://localhost:9515/session
1 > Content-Type: application/json; charset=UTF-8
1 > Content-Length: 57
1 > Host: localhost:9515
1 > Connection: Keep-Alive
1 > User-Agent: Apache-HttpClient/4.5.13 (Java/11.0.10)
1 > Accept-Encoding: gzip,deflate
{"capabilities":{"alwaysMatch":{"browserName":"chrome"}}}

13:08:13.982 [pool-1-thread-3] DEBUG com.intuit.karate - request:
1 > POST http://localhost:59601/session
1 > Content-Type: application/json; charset=UTF-8
1 > Content-Length: 57
1 > Host: localhost:59601
1 > Connection: Keep-Alive
1 > User-Agent: Apache-HttpClient/4.5.13 (Java/11.0.10)
1 > Accept-Encoding: gzip,deflate
{"capabilities":{"alwaysMatch":{"browserName":"chrome"}}}

13:08:13.982 [pool-1-thread-1] DEBUG com.intuit.karate - request:
1 > POST http://localhost:59599/session
1 > Content-Type: application/json; charset=UTF-8
1 > Content-Length: 57
1 > Host: localhost:59599
1 > Connection: Keep-Alive
1 > User-Agent: Apache-HttpClient/4.5.13 (Java/11.0.10)
1 > Accept-Encoding: gzip,deflate
{"capabilities":{"alwaysMatch":{"browserName":"chrome"}}}

13:08:13.982 [pool-1-thread-4] DEBUG com.intuit.karate - request:
1 > POST http://localhost:59600/session
1 > Content-Type: application/json; charset=UTF-8
1 > Content-Length: 57
1 > Host: localhost:59600
1 > Connection: Keep-Alive
1 > User-Agent: Apache-HttpClient/4.5.13 (Java/11.0.10)
1 > Accept-Encoding: gzip,deflate
{"capabilities":{"alwaysMatch":{"browserName":"chrome"}}}

13:08:15.973 [pool-1-thread-4] DEBUG com.intuit.karate - response time in milliseconds: 1982
1 < 200
1 < Content-Length: 788
1 < Content-Type: application/json; charset=utf-8
1 < cache-control: no-cache
{"value":{"capabilities":{"acceptInsecureCerts":false,"browserName":"chrome","browserVersion":"94.0.4606.71","chrome":{"chromedriverVersion":"94.0.4606.61 (418b78f5838ed0b1c69bb4e51ea0252171854915-refs/branch-heads/4606@{#1204})","userDataDir":"C:\\Users\\cyril\\AppData\\Local\\Temp\\scoped_dir16444_141250690"},"goog:chromeOptions":{"debuggerAddress":"localhost:59612"},"networkConnectionEnabled":false,"pageLoadStrategy":"normal","platformName":"windows","proxy":{},"setWindowRect":true,"strictFileInteractability":false,"timeouts":{"implicit":0,"pageLoad":300000,"script":30000},"unhandledPromptBehavior":"dismiss and notify","webauthn:extension:credBlob":true,"webauthn:extension:largeBlob":true,"webauthn:virtualAuthenticators":true},"sessionId":"0b88e7ab4f61fea98b66f191d39d83dc"}}
13:08:15.993 [pool-1-thread-4] DEBUG c.i.k.d.chromedriver_1633419491654 - init session id: 0b88e7ab4f61fea98b66f191d39d83dc
13:08:16.759 [pool-1-thread-4] DEBUG com.intuit.karate - request:
2 > POST http://localhost:59600/session/0b88e7ab4f61fea98b66f191d39d83dc/url
2 > Content-Type: application/json; charset=UTF-8
2 > Content-Length: 39
2 > Host: localhost:59600
2 > Connection: Keep-Alive
2 > User-Agent: Apache-HttpClient/4.5.13 (Java/11.0.10)
2 > Accept-Encoding: gzip,deflate
{"url":"https:\/\/www.saucedemo.com\/"}

13:08:17.024 [pool-1-thread-3] DEBUG com.intuit.karate - response time in milliseconds: 3040
1 < 200
1 < Content-Length: 788
1 < Content-Type: application/json; charset=utf-8
1 < cache-control: no-cache
{"value":{"capabilities":{"acceptInsecureCerts":false,"browserName":"chrome","browserVersion":"94.0.4606.71","chrome":{"chromedriverVersion":"94.0.4606.61 (418b78f5838ed0b1c69bb4e51ea0252171854915-refs/branch-heads/4606@{#1204})","userDataDir":"C:\\Users\\cyril\\AppData\\Local\\Temp\\scoped_dir13880_702953372"},"goog:chromeOptions":{"debuggerAddress":"localhost:59610"},"networkConnectionEnabled":false,"pageLoadStrategy":"normal","platformName":"windows","proxy":{},"setWindowRect":true,"strictFileInteractability":false,"timeouts":{"implicit":0,"pageLoad":300000,"script":30000},"unhandledPromptBehavior":"dismiss and notify","webauthn:extension:credBlob":true,"webauthn:extension:largeBlob":true,"webauthn:virtualAuthenticators":true},"sessionId":"4ac95b3b5c2bb9e70e147cb209b39745"}}
13:08:17.027 [pool-1-thread-3] DEBUG c.i.k.d.chromedriver_1633419491640 - init session id: 4ac95b3b5c2bb9e70e147cb209b39745
13:08:17.290 [pool-1-thread-3] DEBUG com.intuit.karate - request:
2 > POST http://localhost:59601/session/4ac95b3b5c2bb9e70e147cb209b39745/url
2 > Content-Type: application/json; charset=UTF-8
2 > Content-Length: 39
2 > Host: localhost:59601
2 > Connection: Keep-Alive
2 > User-Agent: Apache-HttpClient/4.5.13 (Java/11.0.10)
2 > Accept-Encoding: gzip,deflate
{"url":"https:\/\/www.saucedemo.com\/"}

13:08:19.758 [pool-1-thread-3] DEBUG com.intuit.karate - response time in milliseconds: 2466
2 < 200
2 < Content-Length: 14
2 < Content-Type: application/json; charset=utf-8
2 < cache-control: no-cache
{"value":null}
13:08:19.798 [pool-1-thread-3] DEBUG com.intuit.karate - request:
3 > POST http://localhost:59601/session/4ac95b3b5c2bb9e70e147cb209b39745/window/maximize
3 > Content-Type: application/json; charset=UTF-8
3 > Content-Length: 2
3 > Host: localhost:59601
3 > Connection: Keep-Alive
3 > User-Agent: Apache-HttpClient/4.5.13 (Java/11.0.10)
3 > Accept-Encoding: gzip,deflate
{}

13:08:19.817 [pool-1-thread-2] DEBUG com.intuit.karate - response time in milliseconds: 5834
1 < 200
1 < Content-Length: 788
1 < Content-Type: application/json; charset=utf-8
1 < cache-control: no-cache
{"value":{"capabilities":{"acceptInsecureCerts":false,"browserName":"chrome","browserVersion":"94.0.4606.71","chrome":{"chromedriverVersion":"94.0.4606.61 (418b78f5838ed0b1c69bb4e51ea0252171854915-refs/branch-heads/4606@{#1204})","userDataDir":"C:\\Users\\cyril\\AppData\\Local\\Temp\\scoped_dir11152_168162482"},"goog:chromeOptions":{"debuggerAddress":"localhost:59611"},"networkConnectionEnabled":false,"pageLoadStrategy":"normal","platformName":"windows","proxy":{},"setWindowRect":true,"strictFileInteractability":false,"timeouts":{"implicit":0,"pageLoad":300000,"script":30000},"unhandledPromptBehavior":"dismiss and notify","webauthn:extension:credBlob":true,"webauthn:extension:largeBlob":true,"webauthn:virtualAuthenticators":true},"sessionId":"a652131e95297d3588ee836064a3d481"}}
13:08:19.821 [pool-1-thread-2] DEBUG c.i.k.d.chromedriver_1633419491620 - init session id: a652131e95297d3588ee836064a3d481
13:08:20.139 [pool-1-thread-2] DEBUG com.intuit.karate - request:
2 > POST http://localhost:9515/session/a652131e95297d3588ee836064a3d481/url
2 > Content-Type: application/json; charset=UTF-8
2 > Content-Length: 39
2 > Host: localhost:9515
2 > Connection: Keep-Alive
2 > User-Agent: Apache-HttpClient/4.5.13 (Java/11.0.10)
2 > Accept-Encoding: gzip,deflate
{"url":"https:\/\/www.saucedemo.com\/"}

13:08:20.858 [pool-1-thread-1] DEBUG com.intuit.karate - response time in milliseconds: 6874
1 < 200
1 < Content-Length: 788
1 < Content-Type: application/json; charset=utf-8
1 < cache-control: no-cache
{"value":{"capabilities":{"acceptInsecureCerts":false,"browserName":"chrome","browserVersion":"94.0.4606.71","chrome":{"chromedriverVersion":"94.0.4606.61 (418b78f5838ed0b1c69bb4e51ea0252171854915-refs/branch-heads/4606@{#1204})","userDataDir":"C:\\Users\\cyril\\AppData\\Local\\Temp\\scoped_dir16536_196604927"},"goog:chromeOptions":{"debuggerAddress":"localhost:59997"},"networkConnectionEnabled":false,"pageLoadStrategy":"normal","platformName":"windows","proxy":{},"setWindowRect":true,"strictFileInteractability":false,"timeouts":{"implicit":0,"pageLoad":300000,"script":30000},"unhandledPromptBehavior":"dismiss and notify","webauthn:extension:credBlob":true,"webauthn:extension:largeBlob":true,"webauthn:virtualAuthenticators":true},"sessionId":"2a374bebaf79c3587be09cd6b4be94a0"}}
13:08:20.861 [pool-1-thread-1] DEBUG c.i.k.d.chromedriver_1633419491620 - init session id: 2a374bebaf79c3587be09cd6b4be94a0
13:08:21.259 [pool-1-thread-1] DEBUG com.intuit.karate - request:
2 > POST http://localhost:59599/session/2a374bebaf79c3587be09cd6b4be94a0/url
2 > Content-Type: application/json; charset=UTF-8
2 > Content-Length: 39
2 > Host: localhost:59599
2 > Connection: Keep-Alive
2 > User-Agent: Apache-HttpClient/4.5.13 (Java/11.0.10)
2 > Accept-Encoding: gzip,deflate
{"url":"https:\/\/www.saucedemo.com\/"}

13:08:21.721 [pool-1-thread-3] DEBUG com.intuit.karate - response time in milliseconds: 1922
3 < 200
3 < Content-Length: 51
3 < Content-Type: application/json; charset=utf-8
3 < cache-control: no-cache
{"value":{"height":744,"width":1382,"x":-8,"y":-8}}
13:08:21.825 [pool-1-thread-3] DEBUG com.intuit.karate - request:
4 > POST http://localhost:59601/session/4ac95b3b5c2bb9e70e147cb209b39745/execute/sync
4 > Content-Type: application/json; charset=UTF-8
4 > Content-Length: 81
4 > Host: localhost:59601
4 > Connection: Keep-Alive
4 > User-Agent: Apache-HttpClient/4.5.13 (Java/11.0.10)
4 > Accept-Encoding: gzip,deflate
{"script":"return (document.querySelector(\"#login-button\") != null)","args":[]}

13:08:21.861 [pool-1-thread-3] DEBUG com.intuit.karate - response time in milliseconds: 36
4 < 200
4 < Content-Length: 14
4 < Content-Type: application/json; charset=utf-8
4 < cache-control: no-cache
{"value":true}
13:08:21.881 [pool-1-thread-3] DEBUG com.intuit.karate - request:
5 > POST http://localhost:59601/session/4ac95b3b5c2bb9e70e147cb209b39745/execute/sync
5 > Content-Type: application/json; charset=UTF-8
5 > Content-Length: 79
5 > Host: localhost:59601
5 > Connection: Keep-Alive
5 > User-Agent: Apache-HttpClient/4.5.13 (Java/11.0.10)
5 > Accept-Encoding: gzip,deflate
{"script":"return document.querySelector(\"#login-button\") != null","args":[]}

13:08:21.896 [pool-1-thread-3] DEBUG com.intuit.karate - response time in milliseconds: 13
5 < 200
5 < Content-Length: 14
5 < Content-Type: application/json; charset=utf-8
5 < cache-control: no-cache
{"value":true}
13:08:21.930 [pool-1-thread-3] DEBUG com.intuit.karate - request:
6 > DELETE http://localhost:59601/session/4ac95b3b5c2bb9e70e147cb209b39745/window
6 > Host: localhost:59601
6 > Connection: Keep-Alive
6 > User-Agent: Apache-HttpClient/4.5.13 (Java/11.0.10)
6 > Accept-Encoding: gzip,deflate


13:08:23.274 [pool-1-thread-4] DEBUG com.intuit.karate - response time in milliseconds: 6513
2 < 200
2 < Content-Length: 14
2 < Content-Type: application/json; charset=utf-8
2 < cache-control: no-cache
{"value":null}
13:08:23.280 [pool-1-thread-4] DEBUG com.intuit.karate - request:
3 > POST http://localhost:59600/session/0b88e7ab4f61fea98b66f191d39d83dc/window/maximize
3 > Content-Type: application/json; charset=UTF-8
3 > Content-Length: 2
3 > Host: localhost:59600
3 > Connection: Keep-Alive
3 > User-Agent: Apache-HttpClient/4.5.13 (Java/11.0.10)
3 > Accept-Encoding: gzip,deflate
{}

13:08:23.332 [pool-1-thread-2] DEBUG com.intuit.karate - response time in milliseconds: 3193
2 < 200
2 < Content-Length: 14
2 < Content-Type: application/json; charset=utf-8
2 < cache-control: no-cache
{"value":null}
13:08:23.336 [pool-1-thread-2] DEBUG com.intuit.karate - request:
3 > POST http://localhost:9515/session/a652131e95297d3588ee836064a3d481/window/maximize
3 > Content-Type: application/json; charset=UTF-8
3 > Content-Length: 2
3 > Host: localhost:9515
3 > Connection: Keep-Alive
3 > User-Agent: Apache-HttpClient/4.5.13 (Java/11.0.10)
3 > Accept-Encoding: gzip,deflate
{}

13:08:23.757 [pool-1-thread-1] DEBUG com.intuit.karate - response time in milliseconds: 2496
2 < 200
2 < Content-Length: 14
2 < Content-Type: application/json; charset=utf-8
2 < cache-control: no-cache
{"value":null}
13:08:23.764 [pool-1-thread-1] DEBUG com.intuit.karate - request:
3 > POST http://localhost:59599/session/2a374bebaf79c3587be09cd6b4be94a0/window/maximize
3 > Content-Type: application/json; charset=UTF-8
3 > Content-Length: 2
3 > Host: localhost:59599
3 > Connection: Keep-Alive
3 > User-Agent: Apache-HttpClient/4.5.13 (Java/11.0.10)
3 > Accept-Encoding: gzip,deflate
{}

13:08:23.816 [pool-1-thread-4] DEBUG com.intuit.karate - response time in milliseconds: 534
3 < 200
3 < Content-Length: 51
3 < Content-Type: application/json; charset=utf-8
3 < cache-control: no-cache
{"value":{"height":744,"width":1382,"x":-8,"y":-8}}
13:08:23.909 [pool-1-thread-4] DEBUG com.intuit.karate - request:
4 > POST http://localhost:59600/session/0b88e7ab4f61fea98b66f191d39d83dc/execute/sync
4 > Content-Type: application/json; charset=UTF-8
4 > Content-Length: 79
4 > Host: localhost:59600
4 > Connection: Keep-Alive
4 > User-Agent: Apache-HttpClient/4.5.13 (Java/11.0.10)
4 > Accept-Encoding: gzip,deflate
{"script":"return (document.querySelector(\".login_logo\") != null)","args":[]}

13:08:23.975 [pool-1-thread-2] DEBUG com.intuit.karate - response time in milliseconds: 638
3 < 200
3 < Content-Length: 51
3 < Content-Type: application/json; charset=utf-8
3 < cache-control: no-cache
{"value":{"height":744,"width":1382,"x":-8,"y":-8}}
13:08:23.983 [pool-1-thread-2] DEBUG com.intuit.karate - request:
4 > POST http://localhost:9515/session/a652131e95297d3588ee836064a3d481/execute/sync
4 > Content-Type: application/json; charset=UTF-8
4 > Content-Length: 78
4 > Host: localhost:9515
4 > Connection: Keep-Alive
4 > User-Agent: Apache-HttpClient/4.5.13 (Java/11.0.10)
4 > Accept-Encoding: gzip,deflate
{"script":"return (document.querySelector(\"#user-name\") != null)","args":[]}

13:08:24.122 [pool-1-thread-4] DEBUG com.intuit.karate - response time in milliseconds: 213
4 < 200
4 < Content-Length: 14
4 < Content-Type: application/json; charset=utf-8
4 < cache-control: no-cache
{"value":true}
13:08:24.129 [pool-1-thread-4] DEBUG com.intuit.karate - request:
5 > POST http://localhost:59600/session/0b88e7ab4f61fea98b66f191d39d83dc/execute/sync
5 > Content-Type: application/json; charset=UTF-8
5 > Content-Length: 77
5 > Host: localhost:59600
5 > Connection: Keep-Alive
5 > User-Agent: Apache-HttpClient/4.5.13 (Java/11.0.10)
5 > Accept-Encoding: gzip,deflate
{"script":"return document.querySelector(\".login_logo\") != null","args":[]}

13:08:24.201 [pool-1-thread-1] DEBUG com.intuit.karate - response time in milliseconds: 436
3 < 200
3 < Content-Length: 51
3 < Content-Type: application/json; charset=utf-8
3 < cache-control: no-cache
{"value":{"height":744,"width":1382,"x":-8,"y":-8}}
13:08:24.208 [pool-1-thread-1] DEBUG com.intuit.karate - request:
4 > POST http://localhost:59599/session/2a374bebaf79c3587be09cd6b4be94a0/execute/sync
4 > Content-Type: application/json; charset=UTF-8
4 > Content-Length: 78
4 > Host: localhost:59599
4 > Connection: Keep-Alive
4 > User-Agent: Apache-HttpClient/4.5.13 (Java/11.0.10)
4 > Accept-Encoding: gzip,deflate
{"script":"return (document.querySelector(\"#user-name\") != null)","args":[]}

13:08:24.292 [pool-1-thread-2] DEBUG com.intuit.karate - response time in milliseconds: 308
4 < 200
4 < Content-Length: 14
4 < Content-Type: application/json; charset=utf-8
4 < cache-control: no-cache
{"value":true}
13:08:24.307 [pool-1-thread-2] DEBUG com.intuit.karate - request:
5 > POST http://localhost:9515/session/a652131e95297d3588ee836064a3d481/element
5 > Content-Type: application/json; charset=UTF-8
5 > Content-Length: 45
5 > Host: localhost:9515
5 > Connection: Keep-Alive
5 > User-Agent: Apache-HttpClient/4.5.13 (Java/11.0.10)
5 > Accept-Encoding: gzip,deflate
{"using":"css selector","value":"#user-name"}

13:08:24.347 [pool-1-thread-1] DEBUG com.intuit.karate - response time in milliseconds: 139
4 < 200
4 < Content-Length: 14
4 < Content-Type: application/json; charset=utf-8
4 < cache-control: no-cache
{"value":true}
13:08:24.353 [pool-1-thread-1] DEBUG com.intuit.karate - request:
5 > POST http://localhost:59599/session/2a374bebaf79c3587be09cd6b4be94a0/element
5 > Content-Type: application/json; charset=UTF-8
5 > Content-Length: 45
5 > Host: localhost:59599
5 > Connection: Keep-Alive
5 > User-Agent: Apache-HttpClient/4.5.13 (Java/11.0.10)
5 > Accept-Encoding: gzip,deflate
{"using":"css selector","value":"#user-name"}

13:08:24.372 [pool-1-thread-4] DEBUG com.intuit.karate - response time in milliseconds: 242
5 < 200
5 < Content-Length: 14
5 < Content-Type: application/json; charset=utf-8
5 < cache-control: no-cache
{"value":true}
13:08:24.376 [pool-1-thread-4] DEBUG com.intuit.karate - request:
6 > DELETE http://localhost:59600/session/0b88e7ab4f61fea98b66f191d39d83dc/window
6 > Host: localhost:59600
6 > Connection: Keep-Alive
6 > User-Agent: Apache-HttpClient/4.5.13 (Java/11.0.10)
6 > Accept-Encoding: gzip,deflate


13:08:24.427 [pool-1-thread-1] DEBUG com.intuit.karate - response time in milliseconds: 73
5 < 200
5 < Content-Length: 88
5 < Content-Type: application/json; charset=utf-8
5 < cache-control: no-cache
{"value":{"element-6066-11e4-a52e-4f735466cecf":"f72e1cef-f9cb-4104-a98a-669264ef6af0"}}
13:08:24.459 [pool-1-thread-1] DEBUG com.intuit.karate - request:
6 > POST http://localhost:59599/session/2a374bebaf79c3587be09cd6b4be94a0/element/f72e1cef-f9cb-4104-a98a-669264ef6af0/value
6 > Content-Type: application/json; charset=UTF-8
6 > Content-Length: 24
6 > Host: localhost:59599
6 > Connection: Keep-Alive
6 > User-Agent: Apache-HttpClient/4.5.13 (Java/11.0.10)
6 > Accept-Encoding: gzip,deflate
{"text":"standard_user"}

13:08:24.569 [pool-1-thread-2] DEBUG com.intuit.karate - response time in milliseconds: 262
5 < 200
5 < Content-Length: 88
5 < Content-Type: application/json; charset=utf-8
5 < cache-control: no-cache
{"value":{"element-6066-11e4-a52e-4f735466cecf":"6b89bacf-f85a-4e44-a614-22f5108dcd56"}}
13:08:24.573 [pool-1-thread-2] DEBUG com.intuit.karate - request:
6 > POST http://localhost:9515/session/a652131e95297d3588ee836064a3d481/element/6b89bacf-f85a-4e44-a614-22f5108dcd56/value
6 > Content-Type: application/json; charset=UTF-8
6 > Content-Length: 24
6 > Host: localhost:9515
6 > Connection: Keep-Alive
6 > User-Agent: Apache-HttpClient/4.5.13 (Java/11.0.10)
6 > Accept-Encoding: gzip,deflate
{"text":"standard_user"}

13:08:24.888 [pool-1-thread-1] DEBUG com.intuit.karate - response time in milliseconds: 429
6 < 200
6 < Content-Length: 14
6 < Content-Type: application/json; charset=utf-8
6 < cache-control: no-cache
{"value":null}
13:08:24.895 [pool-1-thread-1] DEBUG com.intuit.karate - request:
7 > POST http://localhost:59599/session/2a374bebaf79c3587be09cd6b4be94a0/execute/sync
7 > Content-Type: application/json; charset=UTF-8
7 > Content-Length: 77
7 > Host: localhost:59599
7 > Connection: Keep-Alive
7 > User-Agent: Apache-HttpClient/4.5.13 (Java/11.0.10)
7 > Accept-Encoding: gzip,deflate
{"script":"return (document.querySelector(\"#password\") != null)","args":[]}

13:08:24.909 [pool-1-thread-1] DEBUG com.intuit.karate - response time in milliseconds: 13
7 < 200
7 < Content-Length: 14
7 < Content-Type: application/json; charset=utf-8
7 < cache-control: no-cache
{"value":true}
13:08:24.915 [pool-1-thread-1] DEBUG com.intuit.karate - request:
8 > POST http://localhost:59599/session/2a374bebaf79c3587be09cd6b4be94a0/element
8 > Content-Type: application/json; charset=UTF-8
8 > Content-Length: 44
8 > Host: localhost:59599
8 > Connection: Keep-Alive
8 > User-Agent: Apache-HttpClient/4.5.13 (Java/11.0.10)
8 > Accept-Encoding: gzip,deflate
{"using":"css selector","value":"#password"}

13:08:24.941 [pool-1-thread-2] DEBUG com.intuit.karate - response time in milliseconds: 368
6 < 200
6 < Content-Length: 14
6 < Content-Type: application/json; charset=utf-8
6 < cache-control: no-cache
{"value":null}
13:08:24.948 [pool-1-thread-2] DEBUG com.intuit.karate - request:
7 > POST http://localhost:9515/session/a652131e95297d3588ee836064a3d481/execute/sync
7 > Content-Type: application/json; charset=UTF-8
7 > Content-Length: 77
7 > Host: localhost:9515
7 > Connection: Keep-Alive
7 > User-Agent: Apache-HttpClient/4.5.13 (Java/11.0.10)
7 > Accept-Encoding: gzip,deflate
{"script":"return (document.querySelector(\"#password\") != null)","args":[]}

13:08:24.957 [pool-1-thread-1] DEBUG com.intuit.karate - response time in milliseconds: 41
8 < 200
8 < Content-Length: 88
8 < Content-Type: application/json; charset=utf-8
8 < cache-control: no-cache
{"value":{"element-6066-11e4-a52e-4f735466cecf":"4f64a4fb-52f8-4074-a694-1ef982b499fe"}}
13:08:24.962 [pool-1-thread-1] DEBUG com.intuit.karate - request:
9 > POST http://localhost:59599/session/2a374bebaf79c3587be09cd6b4be94a0/element/4f64a4fb-52f8-4074-a694-1ef982b499fe/value
9 > Content-Type: application/json; charset=UTF-8
9 > Content-Length: 23
9 > Host: localhost:59599
9 > Connection: Keep-Alive
9 > User-Agent: Apache-HttpClient/4.5.13 (Java/11.0.10)
9 > Accept-Encoding: gzip,deflate
{"text":"secret_sauce"}

13:08:24.974 [pool-1-thread-2] DEBUG com.intuit.karate - response time in milliseconds: 26
7 < 200
7 < Content-Length: 14
7 < Content-Type: application/json; charset=utf-8
7 < cache-control: no-cache
{"value":true}
13:08:24.979 [pool-1-thread-2] DEBUG com.intuit.karate - request:
8 > POST http://localhost:9515/session/a652131e95297d3588ee836064a3d481/element
8 > Content-Type: application/json; charset=UTF-8
8 > Content-Length: 44
8 > Host: localhost:9515
8 > Connection: Keep-Alive
8 > User-Agent: Apache-HttpClient/4.5.13 (Java/11.0.10)
8 > Accept-Encoding: gzip,deflate
{"using":"css selector","value":"#password"}

13:08:25.006 [pool-1-thread-2] DEBUG com.intuit.karate - response time in milliseconds: 26
8 < 200
8 < Content-Length: 88
8 < Content-Type: application/json; charset=utf-8
8 < cache-control: no-cache
{"value":{"element-6066-11e4-a52e-4f735466cecf":"7cb29138-0f17-453d-bbc2-3224ce7824c5"}}
13:08:25.010 [pool-1-thread-2] DEBUG com.intuit.karate - request:
9 > POST http://localhost:9515/session/a652131e95297d3588ee836064a3d481/element/7cb29138-0f17-453d-bbc2-3224ce7824c5/value
9 > Content-Type: application/json; charset=UTF-8
9 > Content-Length: 23
9 > Host: localhost:9515
9 > Connection: Keep-Alive
9 > User-Agent: Apache-HttpClient/4.5.13 (Java/11.0.10)
9 > Accept-Encoding: gzip,deflate
{"text":"secret_sauce"}

13:08:25.188 [pool-1-thread-1] DEBUG com.intuit.karate - response time in milliseconds: 226
9 < 200
9 < Content-Length: 14
9 < Content-Type: application/json; charset=utf-8
9 < cache-control: no-cache
{"value":null}
13:08:25.194 [pool-1-thread-1] DEBUG com.intuit.karate - request:
10 > POST http://localhost:59599/session/2a374bebaf79c3587be09cd6b4be94a0/execute/sync
10 > Content-Type: application/json; charset=UTF-8
10 > Content-Length: 81
10 > Host: localhost:59599
10 > Connection: Keep-Alive
10 > User-Agent: Apache-HttpClient/4.5.13 (Java/11.0.10)
10 > Accept-Encoding: gzip,deflate
{"script":"return (document.querySelector(\"#login-button\") != null)","args":[]}

13:08:25.243 [pool-1-thread-1] DEBUG com.intuit.karate - response time in milliseconds: 48
10 < 200
10 < Content-Length: 14
10 < Content-Type: application/json; charset=utf-8
10 < cache-control: no-cache
{"value":true}
13:08:25.253 [pool-1-thread-1] DEBUG com.intuit.karate - request:
11 > POST http://localhost:59599/session/2a374bebaf79c3587be09cd6b4be94a0/execute/sync
11 > Content-Type: application/json; charset=UTF-8
11 > Content-Length: 79
11 > Host: localhost:59599
11 > Connection: Keep-Alive
11 > User-Agent: Apache-HttpClient/4.5.13 (Java/11.0.10)
11 > Accept-Encoding: gzip,deflate
{"script":"return document.querySelector(\"#login-button\").click()","args":[]}

13:08:25.327 [pool-1-thread-2] DEBUG com.intuit.karate - response time in milliseconds: 317
9 < 200
9 < Content-Length: 14
9 < Content-Type: application/json; charset=utf-8
9 < cache-control: no-cache
{"value":null}
13:08:25.335 [pool-1-thread-2] DEBUG com.intuit.karate - request:
10 > POST http://localhost:9515/session/a652131e95297d3588ee836064a3d481/execute/sync
10 > Content-Type: application/json; charset=UTF-8
10 > Content-Length: 81
10 > Host: localhost:9515
10 > Connection: Keep-Alive
10 > User-Agent: Apache-HttpClient/4.5.13 (Java/11.0.10)
10 > Accept-Encoding: gzip,deflate
{"script":"return (document.querySelector(\"#login-button\") != null)","args":[]}

13:08:25.346 [pool-1-thread-2] DEBUG com.intuit.karate - response time in milliseconds: 10
10 < 200
10 < Content-Length: 14
10 < Content-Type: application/json; charset=utf-8
10 < cache-control: no-cache
{"value":true}
13:08:25.353 [pool-1-thread-2] DEBUG com.intuit.karate - request:
11 > POST http://localhost:9515/session/a652131e95297d3588ee836064a3d481/execute/sync
11 > Content-Type: application/json; charset=UTF-8
11 > Content-Length: 79
11 > Host: localhost:9515
11 > Connection: Keep-Alive
11 > User-Agent: Apache-HttpClient/4.5.13 (Java/11.0.10)
11 > Accept-Encoding: gzip,deflate
{"script":"return document.querySelector(\"#login-button\").click()","args":[]}

13:08:25.515 [pool-1-thread-1] DEBUG com.intuit.karate - response time in milliseconds: 261
11 < 200
11 < Content-Length: 14
11 < Content-Type: application/json; charset=utf-8
11 < cache-control: no-cache
{"value":null}
13:08:25.547 [pool-1-thread-1] DEBUG com.intuit.karate - request:
12 > POST http://localhost:59599/session/2a374bebaf79c3587be09cd6b4be94a0/execute/sync
12 > Content-Type: application/json; charset=UTF-8
12 > Content-Length: 74
12 > Host: localhost:59599
12 > Connection: Keep-Alive
12 > User-Agent: Apache-HttpClient/4.5.13 (Java/11.0.10)
12 > Accept-Encoding: gzip,deflate
{"script":"return (document.querySelector(\".title\") != null)","args":[]}

13:08:25.806 [pool-1-thread-2] DEBUG com.intuit.karate - response time in milliseconds: 452
11 < 200
11 < Content-Length: 14
11 < Content-Type: application/json; charset=utf-8
11 < cache-control: no-cache
{"value":null}
13:08:25.828 [pool-1-thread-2] DEBUG com.intuit.karate - request:
12 > POST http://localhost:9515/session/a652131e95297d3588ee836064a3d481/execute/sync
12 > Content-Type: application/json; charset=UTF-8
12 > Content-Length: 87
12 > Host: localhost:9515
12 > Connection: Keep-Alive
12 > User-Agent: Apache-HttpClient/4.5.13 (Java/11.0.10)
12 > Accept-Encoding: gzip,deflate
{"script":"return (document.querySelector(\".shopping_cart_link\") != null)","args":[]}

13:08:25.855 [pool-1-thread-1] DEBUG com.intuit.karate - response time in milliseconds: 308
12 < 200
12 < Content-Length: 14
12 < Content-Type: application/json; charset=utf-8
12 < cache-control: no-cache
{"value":true}
13:08:25.861 [pool-1-thread-1] DEBUG com.intuit.karate - request:
13 > POST http://localhost:59599/session/2a374bebaf79c3587be09cd6b4be94a0/execute/sync
13 > Content-Type: application/json; charset=UTF-8
13 > Content-Length: 72
13 > Host: localhost:59599
13 > Connection: Keep-Alive
13 > User-Agent: Apache-HttpClient/4.5.13 (Java/11.0.10)
13 > Accept-Encoding: gzip,deflate
{"script":"return document.querySelector(\".title\") != null","args":[]}

13:08:25.887 [pool-1-thread-1] DEBUG com.intuit.karate - response time in milliseconds: 26
13 < 200
13 < Content-Length: 14
13 < Content-Type: application/json; charset=utf-8
13 < cache-control: no-cache
{"value":true}
13:08:25.894 [pool-1-thread-1] DEBUG com.intuit.karate - request:
14 > POST http://localhost:59599/session/2a374bebaf79c3587be09cd6b4be94a0/execute/sync
14 > Content-Type: application/json; charset=UTF-8
14 > Content-Length: 76
14 > Host: localhost:59599
14 > Connection: Keep-Alive
14 > User-Agent: Apache-HttpClient/4.5.13 (Java/11.0.10)
14 > Accept-Encoding: gzip,deflate
{"script":"return document.querySelector(\".title\").textContent","args":[]}

13:08:25.918 [pool-1-thread-1] DEBUG com.intuit.karate - response time in milliseconds: 23
14 < 200
14 < Content-Length: 20
14 < Content-Type: application/json; charset=utf-8
14 < cache-control: no-cache
{"value":"Products"}
13:08:25.922 [pool-1-thread-1] DEBUG com.intuit.karate - request:
15 > DELETE http://localhost:59599/session/2a374bebaf79c3587be09cd6b4be94a0/window
15 > Host: localhost:59599
15 > Connection: Keep-Alive
15 > User-Agent: Apache-HttpClient/4.5.13 (Java/11.0.10)
15 > Accept-Encoding: gzip,deflate


13:08:25.948 [pool-1-thread-2] DEBUG com.intuit.karate - response time in milliseconds: 120
12 < 200
12 < Content-Length: 14
12 < Content-Type: application/json; charset=utf-8
12 < cache-control: no-cache
{"value":true}
13:08:25.980 [pool-1-thread-2] DEBUG com.intuit.karate - request:
13 > POST http://localhost:9515/session/a652131e95297d3588ee836064a3d481/execute/sync
13 > Content-Type: application/json; charset=UTF-8
13 > Content-Length: 85
13 > Host: localhost:9515
13 > Connection: Keep-Alive
13 > User-Agent: Apache-HttpClient/4.5.13 (Java/11.0.10)
13 > Accept-Encoding: gzip,deflate
{"script":"return document.querySelector(\".shopping_cart_link\") != null","args":[]}

13:08:26.093 [pool-1-thread-2] DEBUG com.intuit.karate - response time in milliseconds: 112
13 < 200
13 < Content-Length: 14
13 < Content-Type: application/json; charset=utf-8
13 < cache-control: no-cache
{"value":true}
13:08:26.098 [pool-1-thread-2] DEBUG com.intuit.karate - request:
14 > DELETE http://localhost:9515/session/a652131e95297d3588ee836064a3d481/window
14 > Host: localhost:9515
14 > Connection: Keep-Alive
14 > User-Agent: Apache-HttpClient/4.5.13 (Java/11.0.10)
14 > Accept-Encoding: gzip,deflate


13:08:27.077 [pool-1-thread-3] DEBUG com.intuit.karate - response time in milliseconds: 5145
6 < 200
6 < Content-Length: 12
6 < Content-Type: application/json; charset=utf-8
6 < cache-control: no-cache
{"value":[]}
13:08:27.079 [pool-1-thread-3] DEBUG com.intuit.karate - request:
7 > DELETE http://localhost:59601/session/4ac95b3b5c2bb9e70e147cb209b39745
7 > Host: localhost:59601
7 > Connection: Keep-Alive
7 > User-Agent: Apache-HttpClient/4.5.13 (Java/11.0.10)
7 > Accept-Encoding: gzip,deflate


13:08:27.210 [pool-1-thread-2] DEBUG com.intuit.karate - response time in milliseconds: 1112
14 < 200
14 < Content-Length: 12
14 < Content-Type: application/json; charset=utf-8
14 < cache-control: no-cache
{"value":[]}
13:08:27.213 [pool-1-thread-2] DEBUG com.intuit.karate - request:
15 > DELETE http://localhost:9515/session/a652131e95297d3588ee836064a3d481
15 > Host: localhost:9515
15 > Connection: Keep-Alive
15 > User-Agent: Apache-HttpClient/4.5.13 (Java/11.0.10)
15 > Accept-Encoding: gzip,deflate


13:08:27.325 [pool-1-thread-1] DEBUG com.intuit.karate - response time in milliseconds: 1403
15 < 200
15 < Content-Length: 12
15 < Content-Type: application/json; charset=utf-8
15 < cache-control: no-cache
{"value":[]}
13:08:27.328 [pool-1-thread-1] DEBUG com.intuit.karate - request:
16 > DELETE http://localhost:59599/session/2a374bebaf79c3587be09cd6b4be94a0
16 > Host: localhost:59599
16 > Connection: Keep-Alive
16 > User-Agent: Apache-HttpClient/4.5.13 (Java/11.0.10)
16 > Accept-Encoding: gzip,deflate


13:08:27.578 [pool-1-thread-1] DEBUG com.intuit.karate - response time in milliseconds: 250
16 < 200
16 < Content-Length: 14
16 < Content-Type: application/json; charset=utf-8
16 < cache-control: no-cache
{"value":null}
13:08:27.579 [pool-1-thread-1] DEBUG com.intuit.karate.shell.Command - closing command: chromedriver_1633419491620
13:08:27.586 [chromedriver_1633419491620] WARN  com.intuit.karate.shell.Command - exit code was non-zero: 1 - [src/test/java/examples/users/chromedriver.exe, --port=59599, --user-data-dir=C:\Users\cyril\IdeaProjects\KarateUiAutomationTest\target\chromedriver_1633419491620] working dir: target\chromedriver_1633419491620
13:08:27.609 [pool-1-thread-2] DEBUG com.intuit.karate - response time in milliseconds: 396
15 < 200
15 < Content-Length: 14
15 < Content-Type: application/json; charset=utf-8
15 < cache-control: no-cache
{"value":null}
13:08:27.609 [pool-1-thread-3] DEBUG com.intuit.karate - response time in milliseconds: 530
7 < 200
7 < Content-Length: 14
7 < Content-Type: application/json; charset=utf-8
7 < cache-control: no-cache
{"value":null}
13:08:27.610 [pool-1-thread-2] DEBUG com.intuit.karate.shell.Command - closing command: chromedriver_1633419491620
13:08:27.610 [pool-1-thread-3] DEBUG com.intuit.karate.shell.Command - closing command: chromedriver_1633419491640
13:08:27.727 [chromedriver_1633419491620] WARN  com.intuit.karate.shell.Command - exit code was non-zero: 1 - [src/test/java/examples/users/chromedriver.exe, --port=9515, --user-data-dir=C:\Users\cyril\IdeaProjects\KarateUiAutomationTest\target\chromedriver_1633419491620] working dir: target\chromedriver_1633419491620
13:08:27.837 [chromedriver_1633419491640] WARN  com.intuit.karate.shell.Command - exit code was non-zero: 1 - [src/test/java/examples/users/chromedriver.exe, --port=59601, --user-data-dir=C:\Users\cyril\IdeaProjects\KarateUiAutomationTest\target\chromedriver_1633419491640] working dir: target\chromedriver_1633419491640
13:08:29.174 [pool-1-thread-4] DEBUG com.intuit.karate - response time in milliseconds: 4798
6 < 200
6 < Content-Length: 12
6 < Content-Type: application/json; charset=utf-8
6 < cache-control: no-cache
{"value":[]}
13:08:29.176 [pool-1-thread-4] DEBUG com.intuit.karate - request:
7 > DELETE http://localhost:59600/session/0b88e7ab4f61fea98b66f191d39d83dc
7 > Host: localhost:59600
7 > Connection: Keep-Alive
7 > User-Agent: Apache-HttpClient/4.5.13 (Java/11.0.10)
7 > Accept-Encoding: gzip,deflate


13:08:29.477 [pool-2-thread-1] INFO  com.intuit.karate.Suite - <<pass>> feature 1 of 2 (1 remaining) classpath:examples/users/home.feature
13:08:29.517 [pool-1-thread-4] DEBUG com.intuit.karate - response time in milliseconds: 340
7 < 200
7 < Content-Length: 14
7 < Content-Type: application/json; charset=utf-8
7 < cache-control: no-cache
{"value":null}
13:08:29.518 [pool-1-thread-4] DEBUG com.intuit.karate.shell.Command - closing command: chromedriver_1633419491654
13:08:29.864 [pool-2-thread-1] INFO  com.intuit.karate.Suite - <<pass>> feature 2 of 2 (0 remaining) classpath:examples/users/login.feature
13:08:29.956 [chromedriver_1633419491654] WARN  com.intuit.karate.shell.Command - exit code was non-zero: 1 - [src/test/java/examples/users/chromedriver.exe, --port=59600, --user-data-dir=C:\Users\cyril\IdeaProjects\KarateUiAutomationTest\target\chromedriver_1633419491654] working dir: target\chromedriver_1633419491654
